::1 - - [24/Mar/2018:18:59:03 +0000] "GET /Profiles/gethighrateprofile?idcategory=1&page=1 HTTP/1.1" - - "-" "PostmanRuntime/7.1.1"
::1 - - [24/Mar/2018:18:59:14 +0000] "GET /Profiles/gethighrateprofile?idcategory=1&page=1 HTTP/1.1" 500 2170 "-" "PostmanRuntime/7.1.1"
::1 - - [24/Mar/2018:19:01:02 +0000] "GET /Profiles/gethighrateprofile?idcategory=1&page=1 HTTP/1.1" - - "-" "PostmanRuntime/7.1.1"
::1 - - [24/Mar/2018:19:01:36 +0000] "GET /Profiles/gethighrateprofile?idcategory=1&page=1 HTTP/1.1" 500 2185 "-" "PostmanRuntime/7.1.1"
::1 - - [25/Mar/2018:18:26:23 +0000] "POST /Accounts/SignUp HTTP/1.1" 401 51 "-" "PostmanRuntime/7.1.1"
::1 - - [25/Mar/2018:18:26:51 +0000] "POST /Accounts/SignUp HTTP/1.1" 401 240 "-" "PostmanRuntime/7.1.1"
::1 - - [25/Mar/2018:18:27:25 +0000] "POST /Accounts/SignUp HTTP/1.1" 401 75 "-" "PostmanRuntime/7.1.1"
::1 - - [25/Mar/2018:18:27:31 +0000] "POST /Accounts/SignUp HTTP/1.1" 401 75 "-" "PostmanRuntime/7.1.1"
::1 - - [25/Mar/2018:18:27:48 +0000] "POST /Accounts/SignUp HTTP/1.1" 401 75 "-" "PostmanRuntime/7.1.1"
::1 - - [25/Mar/2018:18:28:26 +0000] "POST /Accounts/SignUp HTTP/1.1" 401 75 "-" "PostmanRuntime/7.1.1"
::1 - - [25/Mar/2018:18:29:24 +0000] "POST /Accounts/SignUp HTTP/1.1" 401 75 "-" "PostmanRuntime/7.1.1"
::1 - - [25/Mar/2018:18:30:39 +0000] "POST /Accounts/SignUp HTTP/1.1" 401 75 "-" "PostmanRuntime/7.1.1"
::1 - - [25/Mar/2018:18:34:46 +0000] "POST /Accounts/SignUp HTTP/1.1" 500 86 "-" "PostmanRuntime/7.1.1"
::1 - - [25/Mar/2018:18:35:12 +0000] "POST /Accounts/SignUp HTTP/1.1" 401 75 "-" "PostmanRuntime/7.1.1"
::1 - - [25/Mar/2018:18:39:05 +0000] "POST /Accounts/SignUp HTTP/1.1" 401 75 "-" "PostmanRuntime/7.1.1"
::1 - - [25/Mar/2018:18:40:50 +0000] "POST /Accounts/SignUp HTTP/1.1" - - "-" "PostmanRuntime/7.1.1"
::1 - - [25/Mar/2018:18:42:14 +0000] "POST /Accounts/SignUp HTTP/1.1" - - "-" "PostmanRuntime/7.1.1"
::1 - - [25/Mar/2018:18:42:55 +0000] "POST /Accounts/SignUp HTTP/1.1" - - "-" "PostmanRuntime/7.1.1"
::1 - - [25/Mar/2018:18:43:55 +0000] "POST /Accounts/SignUp HTTP/1.1" - - "-" "PostmanRuntime/7.1.1"
::1 - - [25/Mar/2018:18:45:34 +0000] "POST /Accounts/SignUp HTTP/1.1" 401 305 "-" "PostmanRuntime/7.1.1"
::1 - - [25/Mar/2018:18:46:29 +0000] "POST /Accounts/SignUp HTTP/1.1" 401 217 "-" "PostmanRuntime/7.1.1"
::1 - - [25/Mar/2018:18:48:05 +0000] "POST /Accounts/SignUp HTTP/1.1" 200 40 "-" "PostmanRuntime/7.1.1"
::1 - - [16/Mar/2018:02:04:43 +0000] "GET /Admins/fetchuser HTTP/1.1" 500 1973 "-" "Mozilla/5.0 (Windows NT 10.0; Win64; x64) AppleWebKit/537.36 (KHTML, like Gecko) Chrome/64.0.3282.186 Safari/537.36"
::1 - - [16/Mar/2018:02:04:43 +0000] "GET /favicon.ico HTTP/1.1" 404 150 "http://localhost:8000/Admins/fetchuser" "Mozilla/5.0 (Windows NT 10.0; Win64; x64) AppleWebKit/537.36 (KHTML, like Gecko) Chrome/64.0.3282.186 Safari/537.36"
::1 - - [16/Mar/2018:02:06:29 +0000] "GET /Admins/fetchuser HTTP/1.1" 200 159 "-" "Mozilla/5.0 (Windows NT 10.0; Win64; x64) AppleWebKit/537.36 (KHTML, like Gecko) Chrome/64.0.3282.186 Safari/537.36"
::1 - - [16/Mar/2018:02:06:59 +0000] "GET /Admins/fetchuser HTTP/1.1" 304 - "-" "Mozilla/5.0 (Windows NT 10.0; Win64; x64) AppleWebKit/537.36 (KHTML, like Gecko) Chrome/64.0.3282.186 Safari/537.36"
::1 - - [16/Mar/2018:02:07:03 +0000] "GET /Admins/fetchuser HTTP/1.1" 304 - "-" "Mozilla/5.0 (Windows NT 10.0; Win64; x64) AppleWebKit/537.36 (KHTML, like Gecko) Chrome/64.0.3282.186 Safari/537.36"
::1 - - [16/Mar/2018:02:34:43 +0000] "GET /Admins/fetchuser HTTP/1.1" 404 31 "-" "Mozilla/5.0 (Windows NT 10.0; Win64; x64) AppleWebKit/537.36 (KHTML, like Gecko) Chrome/64.0.3282.186 Safari/537.36"
::1 - - [16/Mar/2018:02:35:20 +0000] "GET /Admins/fetchuser HTTP/1.1" 404 65 "-" "Mozilla/5.0 (Windows NT 10.0; Win64; x64) AppleWebKit/537.36 (KHTML, like Gecko) Chrome/64.0.3282.186 Safari/537.36"
::1 - - [16/Mar/2018:02:35:42 +0000] "GET /Admins/fetchuser HTTP/1.1" 200 358 "-" "Mozilla/5.0 (Windows NT 10.0; Win64; x64) AppleWebKit/537.36 (KHTML, like Gecko) Chrome/64.0.3282.186 Safari/537.36"
::1 - - [16/Mar/2018:02:41:15 +0000] "GET /Admins/fetchuser HTTP/1.1" 404 67 "-" "Mozilla/5.0 (Windows NT 10.0; Win64; x64) AppleWebKit/537.36 (KHTML, like Gecko) Chrome/64.0.3282.186 Safari/537.36"
::1 - - [16/Mar/2018:02:42:08 +0000] "GET /Admins/fetchuser HTTP/1.1" 200 330 "-" "Mozilla/5.0 (Windows NT 10.0; Win64; x64) AppleWebKit/537.36 (KHTML, like Gecko) Chrome/64.0.3282.186 Safari/537.36"
::1 - - [16/Mar/2018:03:13:37 +0000] "GET /Admins/fetchuser HTTP/1.1" 200 159 "-" "Mozilla/5.0 (Windows NT 10.0; Win64; x64) AppleWebKit/537.36 (KHTML, like Gecko) Chrome/64.0.3282.186 Safari/537.36"
::1 - - [16/Mar/2018:03:13:59 +0000] "GET /Admins/fetchuser HTTP/1.1" 500 1990 "-" "Mozilla/5.0 (Windows NT 10.0; Win64; x64) AppleWebKit/537.36 (KHTML, like Gecko) Chrome/64.0.3282.186 Safari/537.36"
::1 - - [16/Mar/2018:03:14:32 +0000] "GET /Admins/fetchuser HTTP/1.1" 404 80 "-" "Mozilla/5.0 (Windows NT 10.0; Win64; x64) AppleWebKit/537.36 (KHTML, like Gecko) Chrome/64.0.3282.186 Safari/537.36"
::1 - - [16/Mar/2018:03:15:19 +0000] "GET /Admins/fetchuser HTTP/1.1" 500 1990 "-" "Mozilla/5.0 (Windows NT 10.0; Win64; x64) AppleWebKit/537.36 (KHTML, like Gecko) Chrome/64.0.3282.186 Safari/537.36"
::1 - - [16/Mar/2018:03:16:29 +0000] "GET /Admins/fetchuser HTTP/1.1" 500 1995 "-" "Mozilla/5.0 (Windows NT 10.0; Win64; x64) AppleWebKit/537.36 (KHTML, like Gecko) Chrome/64.0.3282.186 Safari/537.36"
::1 - - [16/Mar/2018:03:18:14 +0000] "GET /Admins/fetchuser HTTP/1.1" 200 161 "-" "Mozilla/5.0 (Windows NT 10.0; Win64; x64) AppleWebKit/537.36 (KHTML, like Gecko) Chrome/64.0.3282.186 Safari/537.36"
